phix alignment so merging alignments with
recalibrated qvals
do not compress output bam file
input bam file ../8926_2.bam
intensity_dir /nfs/sf47/ILorHSany_sf47/analysis//121130_HS9_08926_A_C16HRACXX/Data/Intensities
cstart1 1
cstart2 84
ct 8926_4_purity_cycle_caltable.txt
intensity directory /nfs/sf47/ILorHSany_sf47/analysis//121130_HS9_08926_A_C16HRACXX/Data/Intensities
Recalibrating...
Will write to stdout
[Mon Dec 10 07:30:34 GMT 2012] uk.ac.sanger.npg.picard.BamMerger ALIGNED_BAM=pb_align_8926_4.bam INPUT=/dev/stdin OUTPUT=8926_4.bam KEEP_EXTRA_UNMAPPED_READS=true REPLACE_ALIGNED_BASE_QUALITY=true VALIDATION_STRINGENCY=SILENT CREATE_MD5_FILE=true    ALIGNMENT_PROGRAM_ID=bwa KEEP_ALL_PG=false VERBOSITY=INFO QUIET=false COMPRESSION_LEVEL=5 MAX_RECORDS_IN_RAM=500000 CREATE_INDEX=false
Cmd: /software/solexa/bin/pb_calibration/v10.1/spatial_filter -a  -f  -u  -F pb_align_8926_4.bam.filter -
[Mon Dec 10 07:30:34 GMT 2012] Executing as srpipe@sf-5-2-16 on Linux 2.6.32.59-sles-lustre-1.8.8wc1 amd64; Java HotSpot(TM) 64-Bit Server VM 1.6.0_14-b08; Picard version: V1.08
INFO	reading calibration table 8926_4_purity_cycle_caltable.txt
2012-12-10 07:30:34	BamMerger	Checking input and output file
bad tile=1103 read=1 cycle= 26
bad tile=1103 read=1 cycle= 30
bad tile=1103 read=1 cycle= 31
bad tile=1103 read=1 cycle= 33
bad tile=1103 read=1 cycle= 34
bad tile=1103 read=1 cycle= 35
bad tile=1103 read=1 cycle= 36
bad tile=1103 read=1 cycle= 37
bad tile=1103 read=1 cycle= 38
bad tile=1103 read=1 cycle= 41
bad tile=1103 read=1 cycle= 42
bad tile=1103 read=1 cycle= 43
bad tile=1103 read=1 cycle= 44
bad tile=1104 read=1 cycle= 47
bad tile=1104 read=1 cycle= 48
bad tile=1104 read=1 cycle= 49
bad tile=1104 read=1 cycle= 51
bad tile=1104 read=1 cycle= 52
bad tile=1104 read=1 cycle= 53
bad tile=1104 read=1 cycle= 54
bad tile=1104 read=1 cycle= 55
bad tile=1104 read=1 cycle= 56
bad tile=1104 read=1 cycle= 57
bad tile=1104 read=1 cycle= 58
bad tile=1104 read=1 cycle= 59
bad tile=1104 read=1 cycle= 60
bad tile=1104 read=1 cycle= 61
bad tile=1104 read=1 cycle= 62
bad tile=1104 read=1 cycle= 63
bad tile=1104 read=1 cycle= 64
bad tile=1104 read=1 cycle= 65
bad tile=1104 read=1 cycle= 66
bad tile=1104 read=1 cycle= 68
bad tile=1104 read=1 cycle= 69
bad tile=1104 read=1 cycle= 70
bad tile=1104 read=1 cycle= 71
bad tile=1104 read=1 cycle= 74
bad tile=1104 read=2 cycle=  0
bad tile=1108 read=1 cycle= 22
bad tile=1108 read=1 cycle= 23
bad tile=1108 read=1 cycle= 25
bad tile=1108 read=1 cycle= 26
bad tile=1108 read=1 cycle= 27
bad tile=1108 read=1 cycle= 28
bad tile=1108 read=1 cycle= 29
bad tile=1109 read=1 cycle= 34
bad tile=1109 read=1 cycle= 36
bad tile=1109 read=1 cycle= 37
bad tile=1109 read=1 cycle= 38
bad tile=1109 read=1 cycle= 39
bad tile=1109 read=1 cycle= 40
bad tile=1109 read=1 cycle= 41
bad tile=1109 read=1 cycle= 42
bad tile=1109 read=1 cycle= 44
bad tile=1109 read=1 cycle= 45
bad tile=1109 read=1 cycle= 47
bad tile=1109 read=1 cycle= 48
bad tile=1110 read=2 cycle=  6
bad tile=1110 read=2 cycle= 15
bad tile=1110 read=2 cycle= 22
bad tile=1110 read=2 cycle= 34
bad tile=1110 read=2 cycle= 36
bad tile=1110 read=2 cycle= 37
bad tile=1110 read=2 cycle= 42
bad tile=1110 read=2 cycle= 43
bad tile=1110 read=2 cycle= 51
bad tile=1110 read=2 cycle= 54
bad tile=1110 read=2 cycle= 56
bad tile=1110 read=2 cycle= 57
bad tile=1110 read=2 cycle= 59
bad tile=1110 read=2 cycle= 63
bad tile=1112 read=2 cycle=  2
bad tile=1112 read=2 cycle= 47
bad tile=1114 read=1 cycle= 22
bad tile=1116 read=2 cycle= 26
bad tile=1116 read=2 cycle= 27
bad tile=1116 read=2 cycle= 30
bad tile=1202 read=1 cycle= 71
bad tile=1202 read=1 cycle= 73
bad tile=1202 read=1 cycle= 74
bad tile=1203 read=1 cycle= 28
bad tile=1203 read=1 cycle= 32
bad tile=1203 read=1 cycle= 33
bad tile=1203 read=1 cycle= 34
bad tile=1203 read=1 cycle= 35
bad tile=1203 read=1 cycle= 36
bad tile=1203 read=1 cycle= 37
bad tile=1203 read=1 cycle= 38
bad tile=1203 read=1 cycle= 39
bad tile=1203 read=1 cycle= 40
bad tile=1203 read=1 cycle= 41
bad tile=1203 read=1 cycle= 43
bad tile=1204 read=1 cycle= 47
bad tile=1204 read=1 cycle= 48
bad tile=1204 read=1 cycle= 49
bad tile=1204 read=1 cycle= 50
bad tile=1204 read=1 cycle= 51
bad tile=1204 read=1 cycle= 52
bad tile=1204 read=1 cycle= 53
bad tile=1204 read=1 cycle= 54
bad tile=1204 read=1 cycle= 55
bad tile=1204 read=1 cycle= 56
bad tile=1204 read=1 cycle= 57
bad tile=1204 read=1 cycle= 58
bad tile=1204 read=1 cycle= 59
bad tile=1204 read=1 cycle= 60
bad tile=1204 read=1 cycle= 61
bad tile=1204 read=1 cycle= 62
bad tile=1204 read=1 cycle= 63
bad tile=1204 read=1 cycle= 64
bad tile=1204 read=1 cycle= 65
bad tile=1204 read=1 cycle= 66
bad tile=1204 read=1 cycle= 67
bad tile=1204 read=1 cycle= 68
bad tile=1204 read=1 cycle= 69
bad tile=1204 read=1 cycle= 70
bad tile=1204 read=2 cycle= 72
bad tile=1205 read=2 cycle= 34
bad tile=1207 read=2 cycle= 11
bad tile=1208 read=1 cycle= 23
bad tile=1208 read=1 cycle= 24
bad tile=1209 read=1 cycle= 32
bad tile=1209 read=1 cycle= 36
bad tile=1209 read=1 cycle= 37
bad tile=1209 read=1 cycle= 38
bad tile=1209 read=1 cycle= 39
bad tile=1209 read=1 cycle= 40
bad tile=1209 read=1 cycle= 41
bad tile=1209 read=1 cycle= 42
bad tile=1209 read=1 cycle= 43
bad tile=1209 read=1 cycle= 44
bad tile=1209 read=1 cycle= 45
bad tile=1210 read=2 cycle=  5
bad tile=1210 read=2 cycle=  8
bad tile=1210 read=2 cycle= 36
bad tile=1210 read=2 cycle= 38
bad tile=1210 read=2 cycle= 40
bad tile=1210 read=2 cycle= 46
bad tile=1210 read=2 cycle= 47
bad tile=1210 read=2 cycle= 51
bad tile=1210 read=2 cycle= 52
bad tile=1210 read=2 cycle= 58
bad tile=1210 read=2 cycle= 59
bad tile=1210 read=2 cycle= 61
bad tile=1210 read=2 cycle= 67
bad tile=1210 read=2 cycle= 71
bad tile=1215 read=2 cycle= 19
bad tile=1216 read=2 cycle= 29
bad tile=1302 read=1 cycle= 71
bad tile=1302 read=1 cycle= 74
bad tile=1303 read=1 cycle= 32
bad tile=1303 read=1 cycle= 33
bad tile=1303 read=1 cycle= 35
bad tile=1303 read=1 cycle= 37
bad tile=1303 read=1 cycle= 38
bad tile=1303 read=1 cycle= 39
bad tile=1304 read=1 cycle= 49
bad tile=1304 read=1 cycle= 50
bad tile=1304 read=1 cycle= 51
bad tile=1304 read=1 cycle= 52
bad tile=1304 read=1 cycle= 53
bad tile=1304 read=1 cycle= 55
bad tile=1304 read=1 cycle= 56
bad tile=1304 read=1 cycle= 57
bad tile=1304 read=1 cycle= 58
bad tile=1304 read=1 cycle= 59
bad tile=1304 read=1 cycle= 60
bad tile=1304 read=1 cycle= 63
bad tile=1304 read=1 cycle= 65
bad tile=1304 read=1 cycle= 69
bad tile=1304 read=1 cycle= 70
bad tile=1308 read=1 cycle= 20
bad tile=1308 read=1 cycle= 22
bad tile=1308 read=1 cycle= 23
bad tile=1308 read=1 cycle= 24
bad tile=1308 read=1 cycle= 25
bad tile=1308 read=1 cycle= 27
bad tile=1308 read=1 cycle= 28
bad tile=1308 read=1 cycle= 29
bad tile=1309 read=1 cycle= 37
bad tile=1309 read=1 cycle= 38
bad tile=1309 read=1 cycle= 40
bad tile=1309 read=1 cycle= 41
bad tile=1309 read=1 cycle= 42
bad tile=1309 read=1 cycle= 43
bad tile=1309 read=1 cycle= 45
bad tile=1309 read=2 cycle=  3
bad tile=1310 read=2 cycle=  4
bad tile=1310 read=2 cycle= 13
bad tile=1310 read=2 cycle= 36
bad tile=1310 read=2 cycle= 47
bad tile=1312 read=2 cycle= 25
bad tile=1316 read=2 cycle=  3
bad tile=1316 read=2 cycle=  7
bad tile=1316 read=2 cycle=  8
bad tile=1316 read=2 cycle= 26
bad tile=1316 read=2 cycle= 27
bad tile=1316 read=2 cycle= 28
bad tile=1316 read=2 cycle= 29
bad tile=1316 read=2 cycle= 30
bad tile=1316 read=2 cycle= 32
bad tile=2103 read=1 cycle= 15
bad tile=2103 read=1 cycle= 20
bad tile=2103 read=1 cycle= 31
bad tile=2103 read=1 cycle= 33
bad tile=2103 read=1 cycle= 34
bad tile=2103 read=1 cycle= 35
bad tile=2103 read=1 cycle= 36
bad tile=2103 read=1 cycle= 38
bad tile=2103 read=1 cycle= 39
bad tile=2103 read=1 cycle= 40
bad tile=2103 read=1 cycle= 41
bad tile=2103 read=1 cycle= 42
bad tile=2104 read=1 cycle= 46
bad tile=2104 read=1 cycle= 47
bad tile=2104 read=1 cycle= 50
bad tile=2104 read=1 cycle= 51
bad tile=2104 read=1 cycle= 52
bad tile=2104 read=1 cycle= 53
bad tile=2104 read=1 cycle= 54
bad tile=2104 read=1 cycle= 55
bad tile=2104 read=1 cycle= 56
bad tile=2104 read=1 cycle= 57
bad tile=2104 read=1 cycle= 58
bad tile=2104 read=1 cycle= 59
bad tile=2104 read=1 cycle= 60
bad tile=2104 read=1 cycle= 61
bad tile=2104 read=1 cycle= 62
bad tile=2104 read=1 cycle= 63
bad tile=2104 read=1 cycle= 64
bad tile=2104 read=1 cycle= 65
bad tile=2104 read=1 cycle= 66
bad tile=2104 read=1 cycle= 67
bad tile=2104 read=1 cycle= 68
bad tile=2104 read=1 cycle= 70
bad tile=2104 read=2 cycle= 10
bad tile=2104 read=2 cycle= 35
bad tile=2105 read=2 cycle= 10
bad tile=2105 read=2 cycle= 35
bad tile=2106 read=1 cycle=  8
bad tile=2108 read=1 cycle=  7
bad tile=2108 read=1 cycle= 12
bad tile=2108 read=1 cycle= 24
bad tile=2108 read=1 cycle= 25
bad tile=2108 read=1 cycle= 26
bad tile=2108 read=1 cycle= 27
bad tile=2108 read=2 cycle= 58
bad tile=2109 read=1 cycle= 36
bad tile=2109 read=1 cycle= 38
bad tile=2109 read=1 cycle= 39
bad tile=2109 read=1 cycle= 40
bad tile=2109 read=1 cycle= 41
bad tile=2109 read=1 cycle= 42
bad tile=2109 read=1 cycle= 68
bad tile=2110 read=2 cycle=  3
bad tile=2110 read=2 cycle= 15
bad tile=2110 read=2 cycle= 16
bad tile=2110 read=2 cycle= 18
bad tile=2110 read=2 cycle= 21
bad tile=2110 read=2 cycle= 22
bad tile=2110 read=2 cycle= 23
bad tile=2110 read=2 cycle= 26
bad tile=2110 read=2 cycle= 33
bad tile=2110 read=2 cycle= 37
bad tile=2110 read=2 cycle= 39
bad tile=2110 read=2 cycle= 40
bad tile=2110 read=2 cycle= 49
bad tile=2110 read=2 cycle= 52
bad tile=2110 read=2 cycle= 56
bad tile=2110 read=2 cycle= 59
bad tile=2110 read=2 cycle= 61
bad tile=2110 read=2 cycle= 62
bad tile=2110 read=2 cycle= 64
bad tile=2110 read=2 cycle= 65
bad tile=2110 read=2 cycle= 68
bad tile=2111 read=1 cycle= 17
bad tile=2112 read=1 cycle= 24
bad tile=2113 read=1 cycle=  3
bad tile=2115 read=2 cycle=  8
bad tile=2116 read=2 cycle=  9
bad tile=2116 read=2 cycle= 20
bad tile=2116 read=2 cycle= 21
bad tile=2116 read=2 cycle= 22
bad tile=2116 read=2 cycle= 23
bad tile=2116 read=2 cycle= 26
bad tile=2116 read=2 cycle= 28
bad tile=2116 read=2 cycle= 29
bad tile=2116 read=2 cycle= 30
bad tile=2116 read=2 cycle= 32
bad tile=2201 read=1 cycle=  9
bad tile=2202 read=1 cycle=  5
bad tile=2202 read=1 cycle= 72
bad tile=2202 read=1 cycle= 73
bad tile=2202 read=2 cycle= 70
bad tile=2203 read=1 cycle=  4
bad tile=2203 read=1 cycle= 31
bad tile=2203 read=1 cycle= 32
bad tile=2203 read=1 cycle= 33
bad tile=2203 read=1 cycle= 34
bad tile=2203 read=1 cycle= 35
bad tile=2203 read=1 cycle= 36
bad tile=2203 read=1 cycle= 37
bad tile=2203 read=1 cycle= 39
bad tile=2203 read=1 cycle= 40
bad tile=2203 read=1 cycle= 41
bad tile=2203 read=1 cycle= 42
bad tile=2203 read=1 cycle= 47
bad tile=2203 read=2 cycle= 26
bad tile=2203 read=2 cycle= 46
bad tile=2204 read=1 cycle= 47
bad tile=2204 read=1 cycle= 48
bad tile=2204 read=1 cycle= 49
bad tile=2204 read=1 cycle= 50
bad tile=2204 read=1 cycle= 51
bad tile=2204 read=1 cycle= 52
bad tile=2204 read=1 cycle= 53
bad tile=2204 read=1 cycle= 54
bad tile=2204 read=1 cycle= 55
bad tile=2204 read=1 cycle= 56
bad tile=2204 read=1 cycle= 57
bad tile=2204 read=1 cycle= 58
bad tile=2204 read=1 cycle= 59
bad tile=2204 read=1 cycle= 60
bad tile=2204 read=1 cycle= 61
bad tile=2204 read=1 cycle= 62
bad tile=2204 read=1 cycle= 63
bad tile=2204 read=1 cycle= 64
bad tile=2204 read=1 cycle= 65
bad tile=2204 read=1 cycle= 66
bad tile=2204 read=1 cycle= 67
bad tile=2204 read=1 cycle= 68
bad tile=2204 read=1 cycle= 69
bad tile=2204 read=1 cycle= 70
bad tile=2204 read=1 cycle= 71
bad tile=2204 read=2 cycle= 74
bad tile=2208 read=1 cycle= 22
bad tile=2208 read=1 cycle= 24
bad tile=2208 read=1 cycle= 25
bad tile=2208 read=1 cycle= 26
bad tile=2208 read=1 cycle= 27
bad tile=2208 read=1 cycle= 28
bad tile=2209 read=1 cycle= 29
bad tile=2209 read=1 cycle= 32
bad tile=2209 read=1 cycle= 34
bad tile=2209 read=1 cycle= 36
bad tile=2209 read=1 cycle= 37
bad tile=2209 read=1 cycle= 38
bad tile=2209 read=1 cycle= 39
bad tile=2209 read=1 cycle= 40
bad tile=2209 read=1 cycle= 41
bad tile=2209 read=1 cycle= 42
bad tile=2209 read=1 cycle= 43
bad tile=2209 read=1 cycle= 44
bad tile=2209 read=1 cycle= 48
bad tile=2210 read=2 cycle= 14
bad tile=2210 read=2 cycle= 27
bad tile=2210 read=2 cycle= 36
bad tile=2210 read=2 cycle= 38
bad tile=2210 read=2 cycle= 40
bad tile=2210 read=2 cycle= 43
bad tile=2210 read=2 cycle= 44
bad tile=2210 read=2 cycle= 51
bad tile=2210 read=2 cycle= 55
bad tile=2210 read=2 cycle= 57
bad tile=2210 read=2 cycle= 59
bad tile=2210 read=2 cycle= 65
bad tile=2212 read=2 cycle= 45
bad tile=2215 read=2 cycle= 13
bad tile=2215 read=2 cycle= 16
bad tile=2215 read=2 cycle= 22
bad tile=2216 read=2 cycle= 33
bad tile=2302 read=1 cycle= 74
bad tile=2303 read=1 cycle= 31
bad tile=2303 read=1 cycle= 32
bad tile=2303 read=1 cycle= 34
bad tile=2303 read=1 cycle= 35
bad tile=2303 read=1 cycle= 36
bad tile=2303 read=1 cycle= 37
bad tile=2303 read=1 cycle= 38
bad tile=2303 read=1 cycle= 39
bad tile=2303 read=1 cycle= 40
bad tile=2303 read=1 cycle= 41
bad tile=2304 read=1 cycle= 48
bad tile=2304 read=1 cycle= 49
bad tile=2304 read=1 cycle= 50
bad tile=2304 read=1 cycle= 51
bad tile=2304 read=1 cycle= 52
bad tile=2304 read=1 cycle= 53
bad tile=2304 read=1 cycle= 54
bad tile=2304 read=1 cycle= 55
bad tile=2304 read=1 cycle= 56
bad tile=2304 read=1 cycle= 57
bad tile=2304 read=1 cycle= 58
bad tile=2304 read=1 cycle= 59
bad tile=2304 read=1 cycle= 60
bad tile=2304 read=1 cycle= 61
bad tile=2304 read=1 cycle= 62
bad tile=2304 read=1 cycle= 63
bad tile=2304 read=1 cycle= 64
bad tile=2304 read=1 cycle= 65
bad tile=2304 read=1 cycle= 66
bad tile=2304 read=1 cycle= 67
bad tile=2304 read=1 cycle= 68
bad tile=2304 read=1 cycle= 69
bad tile=2304 read=1 cycle= 71
bad tile=2304 read=1 cycle= 73
bad tile=2304 read=2 cycle=  1
bad tile=2304 read=2 cycle= 49
bad tile=2304 read=2 cycle= 69
bad tile=2304 read=2 cycle= 74
bad tile=2305 read=1 cycle=  3
bad tile=2308 read=1 cycle= 18
bad tile=2308 read=1 cycle= 22
bad tile=2308 read=1 cycle= 23
bad tile=2308 read=1 cycle= 24
bad tile=2308 read=1 cycle= 25
bad tile=2308 read=1 cycle= 26
bad tile=2308 read=1 cycle= 27
bad tile=2308 read=1 cycle= 28
bad tile=2308 read=1 cycle= 29
bad tile=2308 read=2 cycle= 34
bad tile=2308 read=2 cycle= 39
bad tile=2309 read=1 cycle= 30
bad tile=2309 read=1 cycle= 37
bad tile=2309 read=1 cycle= 38
bad tile=2309 read=1 cycle= 39
bad tile=2309 read=1 cycle= 40
bad tile=2309 read=1 cycle= 41
bad tile=2309 read=1 cycle= 42
bad tile=2309 read=1 cycle= 43
bad tile=2309 read=1 cycle= 44
bad tile=2309 read=1 cycle= 46
bad tile=2309 read=2 cycle=  1
bad tile=2310 read=2 cycle=  6
bad tile=2310 read=2 cycle=  7
bad tile=2310 read=2 cycle= 13
bad tile=2310 read=2 cycle= 19
bad tile=2310 read=2 cycle= 20
bad tile=2310 read=2 cycle= 33
bad tile=2310 read=2 cycle= 39
bad tile=2310 read=2 cycle= 43
bad tile=2310 read=2 cycle= 55
bad tile=2310 read=2 cycle= 56
bad tile=2310 read=2 cycle= 57
bad tile=2310 read=2 cycle= 60
bad tile=2310 read=2 cycle= 65
bad tile=2310 read=2 cycle= 72
bad tile=2312 read=2 cycle= 25
bad tile=2312 read=2 cycle= 45
bad tile=2312 read=2 cycle= 46
bad tile=2312 read=2 cycle= 53
bad tile=2312 read=2 cycle= 62
bad tile=2313 read=2 cycle= 50
bad tile=2314 read=1 cycle= 11
bad tile=2314 read=2 cycle= 73
bad tile=2315 read=1 cycle= 11
bad tile=2315 read=2 cycle= 20
bad tile=2316 read=2 cycle=  8
bad tile=2316 read=2 cycle= 29
bad tile=2316 read=2 cycle= 32
INFO	2012-12-10 07:30:34	BamMerger	Open aligned bam file: pb_align_8926_4.bam
INFO	2012-12-10 07:30:35	BamMerger	Open input file to merge: stdin
Processing tile 1101 (0)
INFO	2012-12-10 07:31:51	BamMerger	Generate new bam/sam output header
INFO	2012-12-10 07:31:51	BamMerger	Open output file with header: 8926_4.bam
INFO	2012-12-10 07:31:51	BamMerger	Starting to merge
Processing tile 1102 (4519920)
Processing tile 1103 (9063292)
Processing tile 1104 (13492596)
Processing tile 1105 (17973794)
Processing tile 1106 (22530586)
Processing tile 1107 (27103142)
Processing tile 1108 (31711412)
Processing tile 1109 (35772802)
Processing tile 1110 (40338898)
Processing tile 1111 (44965642)
Processing tile 1112 (49575062)
Processing tile 1113 (54210520)
Processing tile 1114 (58786942)
Processing tile 1115 (63303300)
Processing tile 1116 (67889180)
Processing tile 1201 (72411250)
Processing tile 1202 (76997200)
Processing tile 1203 (81612694)
Processing tile 1204 (86103384)
Processing tile 1205 (90666836)
Processing tile 1206 (95279874)
Processing tile 1207 (99941812)
Processing tile 1208 (104636298)
Processing tile 1209 (108917742)
Processing tile 1210 (113597466)
Processing tile 1211 (118340340)
Processing tile 1212 (123113516)
Processing tile 1213 (127904376)
Processing tile 1214 (132663844)
Processing tile 1215 (137379890)
Processing tile 1216 (142203260)
Processing tile 1301 (146984772)
Processing tile 1302 (151407704)
Processing tile 1303 (155895908)
Processing tile 1304 (160258112)
Processing tile 1305 (164702164)
Processing tile 1306 (169216138)
Processing tile 1307 (173758972)
Processing tile 1308 (178376146)
Processing tile 1309 (182603688)
Processing tile 1310 (187223350)
Processing tile 1311 (191935388)
Processing tile 1312 (196653972)
Processing tile 1313 (201417334)
Processing tile 1314 (206159672)
Processing tile 1315 (210896430)
Processing tile 1316 (215742134)
Processing tile 2101 (220550030)
Processing tile 2102 (225106072)
Processing tile 2103 (229681642)
Processing tile 2104 (234099210)
Processing tile 2105 (238574792)
Processing tile 2106 (243090120)
Processing tile 2107 (247572300)
Processing tile 2108 (252124418)
Processing tile 2109 (256095122)
Processing tile 2110 (260603410)
Processing tile 2111 (265172306)
Processing tile 2112 (269697196)
Processing tile 2113 (274273248)
Processing tile 2114 (278821286)
Processing tile 2115 (283295604)
Processing tile 2116 (287873102)
Processing tile 2201 (292384772)
Processing tile 2202 (297034430)
Processing tile 2203 (301703304)
Processing tile 2204 (306196102)
Processing tile 2205 (310778164)
Processing tile 2206 (315450748)
Processing tile 2207 (320101232)
Processing tile 2208 (324822692)
Processing tile 2209 (329097248)
Processing tile 2210 (333804866)
Processing tile 2211 (338573036)
Processing tile 2212 (343359032)
Processing tile 2213 (348205734)
Processing tile 2214 (352999196)
Processing tile 2215 (357744852)
Processing tile 2216 (362586860)
Processing tile 2301 (367378778)
Processing tile 2302 (371741426)
Processing tile 2303 (376126196)
Processing tile 2304 (380378200)
Processing tile 2305 (384717172)
Processing tile 2306 (389144602)
Processing tile 2307 (393586716)
Processing tile 2308 (398098952)
Processing tile 2309 (402205002)
Processing tile 2310 (406733980)
Processing tile 2311 (411325526)
Processing tile 2312 (415928036)
Processing tile 2313 (420604818)
Processing tile 2314 (425246118)
Processing tile 2315 (429790336)
Processing tile 2316 (434469758)
Wrote 439161826 traces
Processed 439161826 traces
Removed   358824 traces
INFO	2012-12-10 18:51:24	BamMerger	Merging finished, merged file: 8926_4.bam
[Mon Dec 10 18:51:24 GMT 2012] uk.ac.sanger.npg.picard.BamMerger done. Elapsed time: 680.84 minutes.
Runtime.totalMemory()=9371648

------------------------------------------------------------
Sender: LSF System <lsfadmin@sf-5-2-16>
Subject: Job 494309: <prod_PB_cal_score_8926_4_20121209-190404> Done

Job <prod_PB_cal_score_8926_4_20121209-190404> was submitted from host <sf-4-1-02> by user <srpipe> in cluster <seqfarm>.
Job was executed on host(s) <sf-5-2-16>, in queue <srpipeline>, as user <srpipe> in cluster <seqfarm>.
</nfs/users/nfs_s/srpipe> was used as the home directory.
</nfs/sf47/ILorHSany_sf47/analysis/121130_HS9_08926_A_C16HRACXX/Data/Intensities/BAM_basecalls_20121209-190404/PB_cal_bam> was used as the working directory.
Started at Mon Dec 10 07:30:31 2012
Results reported at Mon Dec 10 18:51:25 2012

Your job looked like:

------------------------------------------------------------
# LSBATCH: User input
if [[ -f pb_align_8926_4.bam ]]; then echo phix alignment so merging alignments with 1>&2; set -o pipefail; (if [ -f 8926_4_purity_cycle_caltable.txt ]; then echo  recalibrated qvals 1>&2; /software/solexa/bin/pb_calibration/v10.1/pb_predictor --u --bam ../8926_4.bam --intensity_dir /nfs/sf47/ILorHSany_sf47/analysis//121130_HS9_08926_A_C16HRACXX/Data/Intensities --cstart1 1 --cstart2 84 --ct 8926_4_purity_cycle_caltable.txt ; else echo no recalibration 1>&2; cat ../8926_4.bam ; fi;) | /software/solexa/bin/pb_calibration/v10.1/spatial_filter -u -a -f -F pb_align_8926_4.bam.filter - |  /software/bin/java -Xmx1024m -jar /software/solexa/bin/aligners/illumina2bam/Illumina2bam-tools-V1.08/BamMerger.jar CREATE_MD5_FILE=true VALIDATION_STRINGENCY=SILENT KEEP=true I=/dev/stdin REPLACE_QUAL=true O=8926_4.bam ALIGNED=pb_align_8926_4.bam; else echo symlinking as no phix alignment 1>&2; rm -f 8926_4.bam; ln -s ../8926_4.bam 8926_4.bam; rm -f 8926_4.bam.md5; ln -s ../8926_4.bam.md5 8926_4.bam.md5; fi 
------------------------------------------------------------

Successfully completed.

Resource usage summary:

    CPU time   :  41344.12 sec.
    Max Memory :       684 MB
    Max Swap   :      2128 MB

    Max Processes  :         7
    Max Threads    :        27

The output (if any) is above this job summary.

